[15:04:52] [main/INFO]: Loading Minecraft 1.21 with Fabric Loader 0.16.3
[15:04:52] [main/INFO]: Loading 4 mods:
	- fabricloader 0.16.3
	   \-- mixinextras 0.4.1
	- java 21
	- minecraft 1.21
[15:04:52] [main/INFO]: SpongePowered MIXIN Subsystem Version=0.8.7 Source=file:/workspaces/GIOEJ/servidor_minecraft/libraries/net/fabricmc/sponge-mixin/0.15.2+mixin.0.8.7/sponge-mixin-0.15.2+mixin.0.8.7.jar Service=Knot/Fabric Env=SERVER
[15:04:58] [main/INFO]: Environment: Environment[sessionHost=https://sessionserver.mojang.com, servicesHost=https://api.minecraftservices.com, name=PROD]
[15:04:59] [main/INFO]: No existing world data, creating new world
[15:05:00] [main/INFO]: Loaded 1290 recipes
[15:05:00] [main/INFO]: Loaded 1399 advancements
[15:05:01] [Server thread/INFO]: Starting minecraft server version 1.21
[15:05:01] [Server thread/INFO]: Loading properties
[15:05:01] [Server thread/INFO]: Default game type: SURVIVAL
[15:05:01] [Server thread/INFO]: Generating keypair
[15:05:01] [Server thread/INFO]: Starting Minecraft server on *:25565
[15:05:01] [Server thread/INFO]: Using epoll channel type
[15:05:01] [Server thread/WARN]: **** SERVER IS RUNNING IN OFFLINE/INSECURE MODE!
[15:05:01] [Server thread/WARN]: The server will make no attempt to authenticate usernames. Beware.
[15:05:01] [Server thread/WARN]: While this makes the game possible to play without internet access, it also opens up the ability for hackers to connect with any username they choose.
[15:05:01] [Server thread/WARN]: To change this, set "online-mode" to "true" in the server.properties file.
[15:05:01] [Server thread/INFO]: Preparing level "world"
[15:05:06] [Server thread/INFO]: Preparing start region for dimension minecraft:overworld
[15:05:06] [Worker-Main-2/INFO]: Preparing spawn area: 2%
[15:05:07] [Worker-Main-2/INFO]: Preparing spawn area: 2%
[15:05:07] [Worker-Main-2/INFO]: Preparing spawn area: 2%
[15:05:08] [Worker-Main-1/INFO]: Preparing spawn area: 8%
[15:05:08] [Worker-Main-3/INFO]: Preparing spawn area: 16%
[15:05:09] [Worker-Main-2/INFO]: Preparing spawn area: 48%
[15:05:09] [Worker-Main-2/INFO]: Preparing spawn area: 51%
[15:05:10] [Worker-Main-2/INFO]: Preparing spawn area: 51%
[15:05:10] [Server thread/INFO]: Time elapsed: 3928 ms
[15:05:10] [Server thread/INFO]: Done (9.003s)! For help, type "help"
